<?xml version="1.0" encoding="UTF-8"?>
<!-- Generated by org.testng.reporters.JUnitXMLReporter -->
<testsuite hostname="INLT1260" ignored="0" name="Test" tests="3" failures="0" timestamp="03 May 2018 06:05:38 GMT" time="63.416" errors="0">
  <testcase name="testValidLogin" time="8.368" classname="script.TestLoginPage"/>
  <testcase name="testHomeGeneral" time="20.705" classname="script.TestHomeGeneralPage"/>
  <testcase name="rolesTab" time="21.111" classname="script.RolesPageTest"/>
</testsuite> <!-- Test -->
