<?xml version="1.0" encoding="UTF-8"?>
<!-- Generated by org.testng.reporters.JUnitXMLReporter -->
<testsuite hostname="INLT1260" ignored="0" name="Test" tests="1" failures="1" timestamp="21 May 2018 05:03:47 GMT" time="154.2" errors="0">
  <testcase name="testValidLogin" time="149.211" classname="script.TestLoginPage">
    <failure type="java.lang.AssertionError" message="null">
      <![CDATA[java.lang.AssertionError: null
at pom.LoginPage.verifyHomePageisDisplayed(LoginPage.java:59)
at script.TestLoginPage.testValidLogin(TestLoginPage.java:32)
... Removed 27 stack frames]]>
    </failure>
  </testcase> <!-- testValidLogin -->
</testsuite> <!-- Test -->
